<?xml version="1.0" encoding="UTF-8"?>
<testng-results skipped="0" failed="0" ignored="0" total="1" passed="1">
  <reporter-output>
  </reporter-output>
  <suite name="Surefire suite" duration-ms="16914" started-at="2020-11-25T22:55:17 CLST" finished-at="2020-11-25T22:55:34 CLST">
    <groups>
    </groups>
    <test name="Surefire test" duration-ms="16914" started-at="2020-11-25T22:55:17 CLST" finished-at="2020-11-25T22:55:34 CLST">
      <class name="TestPlan">
        <test-method status="PASS" signature="submitForm()[pri:0, instance:TestPlan@5038d0b5]" name="submitForm" duration-ms="16806" started-at="2020-11-25T22:55:17 CLST" finished-at="2020-11-25T22:55:34 CLST">
          <reporter-output>
          </reporter-output>
        </test-method> <!-- submitForm -->
        <test-method status="PASS" signature="cleanUp()[pri:0, instance:TestPlan@5038d0b5]" name="cleanUp" is-config="true" duration-ms="369" started-at="2020-11-25T22:55:34 CLST" finished-at="2020-11-25T22:55:34 CLST">
          <reporter-output>
          </reporter-output>
        </test-method> <!-- cleanUp -->
      </class> <!-- TestPlan -->
    </test> <!-- Surefire test -->
  </suite> <!-- Surefire suite -->
</testng-results>
